Arguments: 
  C:\Program Files\nodejs\node.exe C:\Users\limingzheng\AppData\Roaming\npm\node_modules\yarn\bin\yarn.js add multer@0.1.8

PATH: 
  C:\Program Files\VanDyke Software\SecureFX\;C:\ProgramData\Oracle\Java\javapath;C:\Program Files (x86)\Intel\iCLS Client\;C:\Program Files\Intel\iCLS Client\;C:\Windows\system32;C:\Windows;C:\Windows\System32\Wbem;C:\Windows\System32\WindowsPowerShell\v1.0\;C:\Program Files (x86)\Intel\Intel(R) Management Engine Components\DAL;C:\Program Files\Intel\Intel(R) Management Engine Components\DAL;C:\Program Files (x86)\Intel\Intel(R) Management Engine Components\IPT;C:\Program Files\Intel\Intel(R) Management Engine Components\IPT;C:\Program Files (x86)\NVIDIA Corporation\PhysX\Common;C:\WINDOWS\system32;C:\WINDOWS;C:\WINDOWS\System32\Wbem;C:\WINDOWS\System32\WindowsPowerShell\v1.0\;C:\Program Files\Git\cmd;C:\Users\limingzheng\AppData\Roaming\npm;C:\Program Files\Java\jdk1.8.0_112\bin;C:\Program Files\Java\jre1.8.0_112\bin;C:\Program Files\Java\jdk1.8.0_25\lib;C:\Program Files\apache-tomcat-9.0.0.M15\bin;C:\Program Files (x86)\Google\Chrome\Application;C:\Program Files\MongoDB\Server\3.4\bin;C:\Program Files\TortoiseSVN\bin;C:\Program Files\VisualSVN Server\bin;C:\Program Files\Intel\WiFi\bin\;C:\Program Files\Common Files\Intel\WirelessCommon\;C:\Users\limingzheng\AppData\Local\Android\Sdk\tools;C:\Users\limingzheng\AppData\Local\Android\Sdk\platform-tools;C:\ProgramData\chocolatey\bin;C:\Program Files\nodejs\;C:\Users\limingzheng\AppData\Local\Microsoft\WindowsApps;C:\Program Files\Microsoft VS Code\bin;C:\Users\limingzheng\AppData\Local\atom\bin;C:\Users\limingzheng\AppData\Local\Microsoft\WindowsApps;C:\Users\limingzheng\AppData\Local\GitHubDesktop\bin;C:\Users\limingzheng\AppData\Roaming\npm

Yarn version: 
  1.3.2

Node version: 
  9.4.0

Platform: 
  win32 x64

npm manifest: 
  {
    "name": "quick-search-ad",
    "version": "0.0.0",
    "private": true,
    "scripts": {
      "start": "node ./bin/www"
    },
    "dependencies": {
      "body-parser": "~1.17.1",
      "cookie-parser": "~1.4.3",
      "debug": "~2.6.3",
      "eslint": "^4.15.0",
      "express": "~4.15.2",
      "jade": "~1.11.0",
      "mongodb": "^3.0.1",
      "mongoose": "^4.13.9",
      "morgan": "~1.8.1",
      "multer": "^1.3.0",
      "node-xlsx": "^0.12.0",
      "serve-favicon": "~2.4.2"
    },
    "devDependencies": {
      "eslint-config-standard": "^11.0.0-beta.0",
      "eslint-plugin-import": "^2.8.0",
      "eslint-plugin-node": "^5.2.1",
      "eslint-plugin-promise": "^3.6.0",
      "eslint-plugin-standard": "^3.0.1",
      "file-stream-rotator": "^0.2.0",
      "iconv-lite": "^0.4.19",
      "lodash": "^4.17.4",
      "uuid": "^3.2.1"
    }
  }

yarn manifest: 
  No manifest

Lockfile: 
  # THIS IS AN AUTOGENERATED FILE. DO NOT EDIT THIS FILE DIRECTLY.
  # yarn lockfile v1
  
  
  accepts@~1.3.3:
    version "1.3.5"
    resolved "http://registry.npm.taobao.org/accepts/download/accepts-1.3.5.tgz#eb777df6011723a3b14e8a72c0805c8e86746bd2"
    dependencies:
      mime-types "~2.1.18"
      negotiator "0.6.1"
  
  acorn-globals@^1.0.3:
    version "1.0.9"
    resolved "http://registry.npm.taobao.org/acorn-globals/download/acorn-globals-1.0.9.tgz#55bb5e98691507b74579d0513413217c380c54cf"
    dependencies:
      acorn "^2.1.0"
  
  acorn-jsx@^3.0.0:
    version "3.0.1"
    resolved "http://registry.npm.taobao.org/acorn-jsx/download/acorn-jsx-3.0.1.tgz#afdf9488fb1ecefc8348f6fb22f464e32a58b36b"
    dependencies:
      acorn "^3.0.4"
  
  acorn@^1.0.1:
    version "1.2.2"
    resolved "http://registry.npm.taobao.org/acorn/download/acorn-1.2.2.tgz#c8ce27de0acc76d896d2b1fad3df588d9e82f014"
  
  acorn@^2.1.0:
    version "2.7.0"
    resolved "http://registry.npm.taobao.org/acorn/download/acorn-2.7.0.tgz#ab6e7d9d886aaca8b085bc3312b79a198433f0e7"
  
  acorn@^3.0.4:
    version "3.3.0"
    resolved "http://registry.npm.taobao.org/acorn/download/acorn-3.3.0.tgz#45e37fb39e8da3f25baee3ff5369e2bb5f22017a"
  
  acorn@^5.5.0:
    version "5.5.3"
    resolved "http://registry.npm.taobao.org/acorn/download/acorn-5.5.3.tgz#f473dd47e0277a08e28e9bec5aeeb04751f0b8c9"
  
  adler-32@~1.2.0:
    version "1.2.0"
    resolved "http://registry.npm.taobao.org/adler-32/download/adler-32-1.2.0.tgz#6a3e6bf0a63900ba15652808cb15c6813d1a5f25"
    dependencies:
      exit-on-epipe "~1.0.1"
      printj "~1.1.0"
  
  ajv-keywords@^2.1.0:
    version "2.1.1"
    resolved "http://registry.npm.taobao.org/ajv-keywords/download/ajv-keywords-2.1.1.tgz#617997fc5f60576894c435f940d819e135b80762"
  
  ajv@^5.2.3, ajv@^5.3.0:
    version "5.5.2"
    resolved "http://registry.npm.taobao.org/ajv/download/ajv-5.5.2.tgz#73b5eeca3fab653e3d3f9422b341ad42205dc965"
    dependencies:
      co "^4.6.0"
      fast-deep-equal "^1.0.0"
      fast-json-stable-stringify "^2.0.0"
      json-schema-traverse "^0.3.0"
  
  align-text@^0.1.1, align-text@^0.1.3:
    version "0.1.4"
    resolved "http://registry.npm.taobao.org/align-text/download/align-text-0.1.4.tgz#0cd90a561093f35d0a99256c22b7069433fad117"
    dependencies:
      kind-of "^3.0.2"
      longest "^1.0.1"
      repeat-string "^1.5.2"
  
  amdefine@>=0.0.4:
    version "1.0.1"
    resolved "http://registry.npm.taobao.org/amdefine/download/amdefine-1.0.1.tgz#4a5282ac164729e93619bcfd3ad151f817ce91f5"
  
  ansi-escapes@^3.0.0:
    version "3.1.0"
    resolved "http://registry.npm.taobao.org/ansi-escapes/download/ansi-escapes-3.1.0.tgz#f73207bb81207d75fd6c83f125af26eea378ca30"
  
  ansi-regex@^2.0.0:
    version "2.1.1"
    resolved "http://registry.npm.taobao.org/ansi-regex/download/ansi-regex-2.1.1.tgz#c3b33ab5ee360d86e0e628f0468ae7ef27d654df"
  
  ansi-regex@^3.0.0:
    version "3.0.0"
    resolved "http://registry.npm.taobao.org/ansi-regex/download/ansi-regex-3.0.0.tgz#ed0317c322064f79466c02966bddb605ab37d998"
  
  ansi-styles@^2.2.1:
    version "2.2.1"
    resolved "http://registry.npm.taobao.org/ansi-styles/download/ansi-styles-2.2.1.tgz#b432dd3358b634cf75e1e4664368240533c1ddbe"
  
  ansi-styles@^3.2.1:
    version "3.2.1"
    resolved "http://registry.npm.taobao.org/ansi-styles/download/ansi-styles-3.2.1.tgz#41fbb20243e50b12be0f04b8dedbf07520ce841d"
    dependencies:
      color-convert "^1.9.0"
  
  append-field@^0.1.0:
    version "0.1.0"
    resolved "http://registry.npm.taobao.org/append-field/download/append-field-0.1.0.tgz#6ddc58fa083c7bc545d3c5995b2830cc2366d44a"
  
  argparse@^1.0.7:
    version "1.0.10"
    resolved "http://registry.npm.taobao.org/argparse/download/argparse-1.0.10.tgz#bcd6791ea5ae09725e17e5ad988134cd40b3d911"
    dependencies:
      sprintf-js "~1.0.2"
  
  array-flatten@1.1.1:
    version "1.1.1"
    resolved "http://registry.npm.taobao.org/array-flatten/download/array-flatten-1.1.1.tgz#9a5f699051b1e7073328f2a008968b64ea2955d2"
  
  array-union@^1.0.1:
    version "1.0.2"
    resolved "http://registry.npm.taobao.org/array-union/download/array-union-1.0.2.tgz#9a34410e4f4e3da23dea375be5be70f24778ec39"
    dependencies:
      array-uniq "^1.0.1"
  
  array-uniq@^1.0.1:
    version "1.0.3"
    resolved "http://registry.npm.taobao.org/array-uniq/download/array-uniq-1.0.3.tgz#af6ac877a25cc7f74e058894753858dfdb24fdb6"
  
  arrify@^1.0.0:
    version "1.0.1"
    resolved "http://registry.npm.taobao.org/arrify/download/arrify-1.0.1.tgz#898508da2226f380df904728456849c1501a4b0d"
  
  asap@~1.0.0:
    version "1.0.0"
    resolved "http://registry.npm.taobao.org/asap/download/asap-1.0.0.tgz#b2a45da5fdfa20b0496fc3768cc27c12fa916a7d"
  
  async@2.1.4:
    version "2.1.4"
    resolved "http://registry.npm.taobao.org/async/download/async-2.1.4.tgz#2d2160c7788032e4dd6cbe2502f1f9a2c8f6cde4"
    dependencies:
      lodash "^4.14.0"
  
  babel-code-frame@^6.22.0:
    version "6.26.0"
    resolved "http://registry.npm.taobao.org/babel-code-frame/download/babel-code-frame-6.26.0.tgz#63fd43f7dc1e3bb7ce35947db8fe369a3f58c74b"
    dependencies:
      chalk "^1.1.3"
      esutils "^2.0.2"
      js-tokens "^3.0.2"
  
  balanced-match@^1.0.0:
    version "1.0.0"
    resolved "http://registry.npm.taobao.org/balanced-match/download/balanced-match-1.0.0.tgz#89b4d199ab2bee49de164ea02b89ce462d71b767"
  
  basic-auth@~1.1.0:
    version "1.1.0"
    resolved "http://registry.npm.taobao.org/basic-auth/download/basic-auth-1.1.0.tgz#45221ee429f7ee1e5035be3f51533f1cdfd29884"
  
  bluebird@3.5.0:
    version "3.5.0"
    resolved "http://registry.npm.taobao.org/bluebird/download/bluebird-3.5.0.tgz#791420d7f551eea2897453a8a77653f96606d67c"
  
  body-parser@~1.17.1:
    version "1.17.2"
    resolved "http://registry.npm.taobao.org/body-parser/download/body-parser-1.17.2.tgz#f8892abc8f9e627d42aedafbca66bf5ab99104ee"
    dependencies:
      bytes "2.4.0"
      content-type "~1.0.2"
      debug "2.6.7"
      depd "~1.1.0"
      http-errors "~1.6.1"
      iconv-lite "0.4.15"
      on-finished "~2.3.0"
      qs "6.4.0"
      raw-body "~2.2.0"
      type-is "~1.6.15"
  
  brace-expansion@^1.1.7:
    version "1.1.11"
    resolved "http://registry.npm.taobao.org/brace-expansion/download/brace-expansion-1.1.11.tgz#3c7fcbf529d87226f3d2f52b966ff5271eb441dd"
    dependencies:
      balanced-match "^1.0.0"
      concat-map "0.0.1"
  
  bson@~1.0.4:
    version "1.0.6"
    resolved "http://registry.npm.taobao.org/bson/download/bson-1.0.6.tgz#444db59ddd4c24f0cb063aabdc5c8c7b0ceca912"
  
  buffer-from@^1.0.0:
    version "1.0.0"
    resolved "http://registry.npm.taobao.org/buffer-from/download/buffer-from-1.0.0.tgz#4cb8832d23612589b0406e9e2956c17f06fdf531"
  
  buffer-shims@~1.0.0:
    version "1.0.0"
    resolved "http://registry.npm.taobao.org/buffer-shims/download/buffer-shims-1.0.0.tgz#9978ce317388c649ad8793028c3477ef044a8b51"
  
  builtin-modules@^1.0.0:
    version "1.1.1"
    resolved "http://registry.npm.taobao.org/builtin-modules/download/builtin-modules-1.1.1.tgz#270f076c5a72c02f5b65a47df94c5fe3a278892f"
  
  busboy@^0.2.11:
    version "0.2.14"
    resolved "http://registry.npm.taobao.org/busboy/download/busboy-0.2.14.tgz#6c2a622efcf47c57bbbe1e2a9c37ad36c7925453"
    dependencies:
      dicer "0.2.5"
      readable-stream "1.1.x"
  
  bytes@2.4.0:
    version "2.4.0"
    resolved "http://registry.npm.taobao.org/bytes/download/bytes-2.4.0.tgz#7d97196f9d5baf7f6935e25985549edd2a6c2339"
  
  caller-path@^0.1.0:
    version "0.1.0"
    resolved "http://registry.npm.taobao.org/caller-path/download/caller-path-0.1.0.tgz#94085ef63581ecd3daa92444a8fe94e82577751f"
    dependencies:
      callsites "^0.2.0"
  
  callsites@^0.2.0:
    version "0.2.0"
    resolved "http://registry.npm.taobao.org/callsites/download/callsites-0.2.0.tgz#afab96262910a7f33c19a5775825c69f34e350ca"
  
  camelcase@^1.0.2:
    version "1.2.1"
    resolved "http://registry.npm.taobao.org/camelcase/download/camelcase-1.2.1.tgz#9bb5304d2e0b56698b2c758b08a3eaa9daa58a39"
  
  center-align@^0.1.1:
    version "0.1.3"
    resolved "http://registry.npm.taobao.org/center-align/download/center-align-0.1.3.tgz#aa0d32629b6ee972200411cbd4461c907bc2b7ad"
    dependencies:
      align-text "^0.1.3"
      lazy-cache "^1.0.3"
  
  cfb@~1.0.6:
    version "1.0.6"
    resolved "http://registry.npm.taobao.org/cfb/download/cfb-1.0.6.tgz#d0107fa579a8d79c53a31074a755abcb898017f0"
    dependencies:
      commander "^2.14.1"
      printj "~1.1.2"
  
  chalk@^1.1.3:
    version "1.1.3"
    resolved "http://registry.npm.taobao.org/chalk/download/chalk-1.1.3.tgz#a8115c55e4a702fe4d150abd3872822a7e09fc98"
    dependencies:
      ansi-styles "^2.2.1"
      escape-string-regexp "^1.0.2"
      has-ansi "^2.0.0"
      strip-ansi "^3.0.0"
      supports-color "^2.0.0"
  
  chalk@^2.0.0, chalk@^2.1.0:
    version "2.4.0"
    resolved "http://registry.npm.taobao.org/chalk/download/chalk-2.4.0.tgz#a060a297a6b57e15b61ca63ce84995daa0fe6e52"
    dependencies:
      ansi-styles "^3.2.1"
      escape-string-regexp "^1.0.5"
      supports-color "^5.3.0"
  
  character-parser@1.2.1:
    version "1.2.1"
    resolved "http://registry.npm.taobao.org/character-parser/download/character-parser-1.2.1.tgz#c0dde4ab182713b919b970959a123ecc1a30fcd6"
  
  chardet@^0.4.0:
    version "0.4.2"
    resolved "http://registry.npm.taobao.org/chardet/download/chardet-0.4.2.tgz#b5473b33dc97c424e5d98dc87d55d4d8a29c8bf2"
  
  circular-json@^0.3.1:
    version "0.3.3"
    resolved "http://registry.npm.taobao.org/circular-json/download/circular-json-0.3.3.tgz#815c99ea84f6809529d2f45791bdf82711352d66"
  
  clean-css@^3.1.9:
    version "3.4.28"
    resolved "http://registry.npm.taobao.org/clean-css/download/clean-css-3.4.28.tgz#bf1945e82fc808f55695e6ddeaec01400efd03ff"
    dependencies:
      commander "2.8.x"
      source-map "0.4.x"
  
  cli-cursor@^2.1.0:
    version "2.1.0"
    resolved "http://registry.npm.taobao.org/cli-cursor/download/cli-cursor-2.1.0.tgz#b35dac376479facc3e94747d41d0d0f5238ffcb5"
    dependencies:
      restore-cursor "^2.0.0"
  
  cli-width@^2.0.0:
    version "2.2.0"
    resolved "http://registry.npm.taobao.org/cli-width/download/cli-width-2.2.0.tgz#ff19ede8a9a5e579324147b0c11f0fbcbabed639"
  
  cliui@^2.1.0:
    version "2.1.0"
    resolved "http://registry.npm.taobao.org/cliui/download/cliui-2.1.0.tgz#4b475760ff80264c762c3a1719032e91c7fea0d1"
    dependencies:
      center-align "^0.1.1"
      right-align "^0.1.1"
      wordwrap "0.0.2"
  
  co@^4.6.0:
    version "4.6.0"
    resolved "http://registry.npm.taobao.org/co/download/co-4.6.0.tgz#6ea6bdf3d853ae54ccb8e47bfa0bf3f9031fb184"
  
  codepage@~1.12.1:
    version "1.12.2"
    resolved "http://registry.npm.taobao.org/codepage/download/codepage-1.12.2.tgz#fd4424448c8bf1db5d7e01f9ecf9e8346582a195"
    dependencies:
      commander "~2.14.1"
      exit-on-epipe "~1.0.1"
  
  color-convert@^1.9.0:
    version "1.9.1"
    resolved "http://registry.npm.taobao.org/color-convert/download/color-convert-1.9.1.tgz#c1261107aeb2f294ebffec9ed9ecad529a6097ed"
    dependencies:
      color-name "^1.1.1"
  
  color-name@^1.1.1:
    version "1.1.3"
    resolved "http://registry.npm.taobao.org/color-name/download/color-name-1.1.3.tgz#a7d0558bd89c42f795dd42328f740831ca53bc25"
  
  commander@2.8.x:
    version "2.8.1"
    resolved "http://registry.npm.taobao.org/commander/download/commander-2.8.1.tgz#06be367febfda0c330aa1e2a072d3dc9762425d4"
    dependencies:
      graceful-readlink ">= 1.0.0"
  
  commander@^2.14.1:
    version "2.15.1"
    resolved "http://registry.npm.taobao.org/commander/download/commander-2.15.1.tgz#df46e867d0fc2aec66a34662b406a9ccafff5b0f"
  
  commander@~2.14.1:
    version "2.14.1"
    resolved "http://registry.npm.taobao.org/commander/download/commander-2.14.1.tgz#2235123e37af8ca3c65df45b026dbd357b01b9aa"
  
  commander@~2.6.0:
    version "2.6.0"
    resolved "http://registry.npm.taobao.org/commander/download/commander-2.6.0.tgz#9df7e52fb2a0cb0fb89058ee80c3104225f37e1d"
  
  concat-map@0.0.1:
    version "0.0.1"
    resolved "http://registry.npm.taobao.org/concat-map/download/concat-map-0.0.1.tgz#d8a96bd77fd68df7793a73036a3ba0d5405d477b"
  
  concat-stream@^1.5.0, concat-stream@^1.6.0:
    version "1.6.2"
    resolved "http://registry.npm.taobao.org/concat-stream/download/concat-stream-1.6.2.tgz#904bdf194cd3122fc675c77fc4ac3d4ff0fd1a34"
    dependencies:
      buffer-from "^1.0.0"
      inherits "^2.0.3"
      readable-stream "^2.2.2"
      typedarray "^0.0.6"
  
  constantinople@~3.0.1:
    version "3.0.2"
    resolved "http://registry.npm.taobao.org/constantinople/download/constantinople-3.0.2.tgz#4b945d9937907bcd98ee575122c3817516544141"
    dependencies:
      acorn "^2.1.0"
  
  contains-path@^0.1.0:
    version "0.1.0"
    resolved "http://registry.npm.taobao.org/contains-path/download/contains-path-0.1.0.tgz#fe8cf184ff6670b6baef01a9d4861a5cbec4120a"
  
  content-disposition@0.5.2:
    version "0.5.2"
    resolved "http://registry.npm.taobao.org/content-disposition/download/content-disposition-0.5.2.tgz#0cf68bb9ddf5f2be7961c3a85178cb85dba78cb4"
  
  content-type@~1.0.2:
    version "1.0.4"
    resolved "http://registry.npm.taobao.org/content-type/download/content-type-1.0.4.tgz#e138cc75e040c727b1966fe5e5f8c9aee256fe3b"
  
  cookie-parser@~1.4.3:
    version "1.4.3"
    resolved "http://registry.npm.taobao.org/cookie-parser/download/cookie-parser-1.4.3.tgz#0fe31fa19d000b95f4aadf1f53fdc2b8a203baa5"
    dependencies:
      cookie "0.3.1"
      cookie-signature "1.0.6"
  
  cookie-signature@1.0.6:
    version "1.0.6"
    resolved "http://registry.npm.taobao.org/cookie-signature/download/cookie-signature-1.0.6.tgz#e303a882b342cc3ee8ca513a79999734dab3ae2c"
  
  cookie@0.3.1:
    version "0.3.1"
    resolved "http://registry.npm.taobao.org/cookie/download/cookie-0.3.1.tgz#e7e0a1f9ef43b4c8ba925c5c5a96e806d16873bb"
  
  core-util-is@~1.0.0:
    version "1.0.2"
    resolved "http://registry.npm.taobao.org/core-util-is/download/core-util-is-1.0.2.tgz#b5fd54220aa2bc5ab57aab7140c940754503c1a7"
  
  crc-32@~1.2.0:
    version "1.2.0"
    resolved "http://registry.npm.taobao.org/crc-32/download/crc-32-1.2.0.tgz#cb2db6e29b88508e32d9dd0ec1693e7b41a18208"
    dependencies:
      exit-on-epipe "~1.0.1"
      printj "~1.1.0"
  
  cross-spawn@^5.1.0:
    version "5.1.0"
    resolved "http://registry.npm.taobao.org/cross-spawn/download/cross-spawn-5.1.0.tgz#e8bd0efee58fcff6f8f94510a0a554bbfa235449"
    dependencies:
      lru-cache "^4.0.1"
      shebang-command "^1.2.0"
      which "^1.2.9"
  
  css-parse@1.0.4:
    version "1.0.4"
    resolved "http://registry.npm.taobao.org/css-parse/download/css-parse-1.0.4.tgz#38b0503fbf9da9f54e9c1dbda60e145c77117bdd"
  
  css-stringify@1.0.5:
    version "1.0.5"
    resolved "http://registry.npm.taobao.org/css-stringify/download/css-stringify-1.0.5.tgz#b0d042946db2953bb9d292900a6cb5f6d0122031"
  
  css@~1.0.8:
    version "1.0.8"
    resolved "http://registry.npm.taobao.org/css/download/css-1.0.8.tgz#9386811ca82bccc9ee7fb5a732b1e2a317c8a3e7"
    dependencies:
      css-parse "1.0.4"
      css-stringify "1.0.5"
  
  debug@2.6.7:
    version "2.6.7"
    resolved "http://registry.npm.taobao.org/debug/download/debug-2.6.7.tgz#92bad1f6d05bbb6bba22cca88bcd0ec894c2861e"
    dependencies:
      ms "2.0.0"
  
  debug@2.6.8:
    version "2.6.8"
    resolved "http://registry.npm.taobao.org/debug/download/debug-2.6.8.tgz#e731531ca2ede27d188222427da17821d68ff4fc"
    dependencies:
      ms "2.0.0"
  
  debug@2.6.9, debug@^2.6.8, debug@^2.6.9, debug@~2.6.3:
    version "2.6.9"
    resolved "http://registry.npm.taobao.org/debug/download/debug-2.6.9.tgz#5d128515df134ff327e90a4c93f4e077a536341f"
    dependencies:
      ms "2.0.0"
  
  debug@^3.1.0:
    version "3.1.0"
    resolved "http://registry.npm.taobao.org/debug/download/debug-3.1.0.tgz#5bb5a0672628b64149566ba16819e61518c67261"
    dependencies:
      ms "2.0.0"
  
  decamelize@^1.0.0:
    version "1.2.0"
    resolved "http://registry.npm.taobao.org/decamelize/download/decamelize-1.2.0.tgz#f6534d15148269b20352e7bee26f501f9a191290"
  
  deep-is@~0.1.3:
    version "0.1.3"
    resolved "http://registry.npm.taobao.org/deep-is/download/deep-is-0.1.3.tgz#b369d6fb5dbc13eecf524f91b070feedc357cf34"
  
  del@^2.0.2:
    version "2.2.2"
    resolved "http://registry.npm.taobao.org/del/download/del-2.2.2.tgz#c12c981d067846c84bcaf862cff930d907ffd1a8"
    dependencies:
      globby "^5.0.0"
      is-path-cwd "^1.0.0"
      is-path-in-cwd "^1.0.0"
      object-assign "^4.0.1"
      pify "^2.0.0"
      pinkie-promise "^2.0.0"
      rimraf "^2.2.8"
  
  depd@~1.1.0, depd@~1.1.1, depd@~1.1.2:
    version "1.1.2"
    resolved "http://registry.npm.taobao.org/depd/download/depd-1.1.2.tgz#9bcd52e14c097763e749b274c4346ed2e560b5a9"
  
  destroy@~1.0.4:
    version "1.0.4"
    resolved "http://registry.npm.taobao.org/destroy/download/destroy-1.0.4.tgz#978857442c44749e4206613e37946205826abd80"
  
  dicer@0.2.5:
    version "0.2.5"
    resolved "http://registry.npm.taobao.org/dicer/download/dicer-0.2.5.tgz#5996c086bb33218c812c090bddc09cd12facb70f"
    dependencies:
      readable-stream "1.1.x"
      streamsearch "0.1.2"
  
  doctrine@1.5.0:
    version "1.5.0"
    resolved "http://registry.npm.taobao.org/doctrine/download/doctrine-1.5.0.tgz#379dce730f6166f76cefa4e6707a159b02c5a6fa"
    dependencies:
      esutils "^2.0.2"
      isarray "^1.0.0"
  
  doctrine@^2.1.0:
    version "2.1.0"
    resolved "http://registry.npm.taobao.org/doctrine/download/doctrine-2.1.0.tgz#5cd01fc101621b42c4cd7f5d1a66243716d3f39d"
    dependencies:
      esutils "^2.0.2"
  
  ee-first@1.1.1:
    version "1.1.1"
    resolved "http://registry.npm.taobao.org/ee-first/download/ee-first-1.1.1.tgz#590c61156b0ae2f4f0255732a158b266bc56b21d"
  
  encodeurl@~1.0.1:
    version "1.0.2"
    resolved "http://registry.npm.taobao.org/encodeurl/download/encodeurl-1.0.2.tgz#ad3ff4c86ec2d029322f5a02c3a9a606c95b3f59"
  
  error-ex@^1.2.0:
    version "1.3.1"
    resolved "http://registry.npm.taobao.org/error-ex/download/error-ex-1.3.1.tgz#f855a86ce61adc4e8621c3cda21e7a7612c3a8dc"
    dependencies:
      is-arrayish "^0.2.1"
  
  es6-promise@3.2.1:
    version "3.2.1"
    resolved "http://registry.npm.taobao.org/es6-promise/download/es6-promise-3.2.1.tgz#ec56233868032909207170c39448e24449dd1fc4"
  
  escape-html@~1.0.3:
    version "1.0.3"
    resolved "http://registry.npm.taobao.org/escape-html/download/escape-html-1.0.3.tgz#0258eae4d3d0c0974de1c169188ef0051d1d1988"
  
  escape-string-regexp@^1.0.2, escape-string-regexp@^1.0.5:
    version "1.0.5"
    resolved "http://registry.npm.taobao.org/escape-string-regexp/download/escape-string-regexp-1.0.5.tgz#1b61c0562190a8dff6ae3bb2cf0200ca130b86d4"
  
  eslint-config-standard@^11.0.0-beta.0:
    version "11.0.0"
    resolved "http://registry.npm.taobao.org/eslint-config-standard/download/eslint-config-standard-11.0.0.tgz#87ee0d3c9d95382dc761958cbb23da9eea31e0ba"
  
  eslint-import-resolver-node@^0.3.1:
    version "0.3.2"
    resolved "http://registry.npm.taobao.org/eslint-import-resolver-node/download/eslint-import-resolver-node-0.3.2.tgz#58f15fb839b8d0576ca980413476aab2472db66a"
    dependencies:
      debug "^2.6.9"
      resolve "^1.5.0"
  
  eslint-module-utils@^2.2.0:
    version "2.2.0"
    resolved "http://registry.npm.taobao.org/eslint-module-utils/download/eslint-module-utils-2.2.0.tgz#b270362cd88b1a48ad308976ce7fa54e98411746"
    dependencies:
      debug "^2.6.8"
      pkg-dir "^1.0.0"
  
  eslint-plugin-import@^2.8.0:
    version "2.11.0"
    resolved "http://registry.npm.taobao.org/eslint-plugin-import/download/eslint-plugin-import-2.11.0.tgz#15aeea37a67499d848e8e981806d4627b5503816"
    dependencies:
      contains-path "^0.1.0"
      debug "^2.6.8"
      doctrine "1.5.0"
      eslint-import-resolver-node "^0.3.1"
      eslint-module-utils "^2.2.0"
      has "^1.0.1"
      lodash "^4.17.4"
      minimatch "^3.0.3"
      read-pkg-up "^2.0.0"
      resolve "^1.6.0"
  
  eslint-plugin-node@^5.2.1:
    version "5.2.1"
    resolved "http://registry.npm.taobao.org/eslint-plugin-node/download/eslint-plugin-node-5.2.1.tgz#80df3253c4d7901045ec87fa660a284e32bdca29"
    dependencies:
      ignore "^3.3.6"
      minimatch "^3.0.4"
      resolve "^1.3.3"
      semver "5.3.0"
  
  eslint-plugin-promise@^3.6.0:
    version "3.7.0"
    resolved "http://registry.npm.taobao.org/eslint-plugin-promise/download/eslint-plugin-promise-3.7.0.tgz#f4bde5c2c77cdd69557a8f69a24d1ad3cfc9e67e"
  
  eslint-plugin-standard@^3.0.1:
    version "3.0.1"
    resolved "http://registry.npm.taobao.org/eslint-plugin-standard/download/eslint-plugin-standard-3.0.1.tgz#34d0c915b45edc6f010393c7eef3823b08565cf2"
  
  eslint-scope@^3.7.1:
    version "3.7.1"
    resolved "http://registry.npm.taobao.org/eslint-scope/download/eslint-scope-3.7.1.tgz#3d63c3edfda02e06e01a452ad88caacc7cdcb6e8"
    dependencies:
      esrecurse "^4.1.0"
      estraverse "^4.1.1"
  
  eslint-visitor-keys@^1.0.0:
    version "1.0.0"
    resolved "http://registry.npm.taobao.org/eslint-visitor-keys/download/eslint-visitor-keys-1.0.0.tgz#3f3180fb2e291017716acb4c9d6d5b5c34a6a81d"
  
  eslint@^4.15.0:
    version "4.19.1"
    resolved "http://registry.npm.taobao.org/eslint/download/eslint-4.19.1.tgz#32d1d653e1d90408854bfb296f076ec7e186a300"
    dependencies:
      ajv "^5.3.0"
      babel-code-frame "^6.22.0"
      chalk "^2.1.0"
      concat-stream "^1.6.0"
      cross-spawn "^5.1.0"
      debug "^3.1.0"
      doctrine "^2.1.0"
      eslint-scope "^3.7.1"
      eslint-visitor-keys "^1.0.0"
      espree "^3.5.4"
      esquery "^1.0.0"
      esutils "^2.0.2"
      file-entry-cache "^2.0.0"
      functional-red-black-tree "^1.0.1"
      glob "^7.1.2"
      globals "^11.0.1"
      ignore "^3.3.3"
      imurmurhash "^0.1.4"
      inquirer "^3.0.6"
      is-resolvable "^1.0.0"
      js-yaml "^3.9.1"
      json-stable-stringify-without-jsonify "^1.0.1"
      levn "^0.3.0"
      lodash "^4.17.4"
      minimatch "^3.0.2"
      mkdirp "^0.5.1"
      natural-compare "^1.4.0"
      optionator "^0.8.2"
      path-is-inside "^1.0.2"
      pluralize "^7.0.0"
      progress "^2.0.0"
      regexpp "^1.0.1"
      require-uncached "^1.0.3"
      semver "^5.3.0"
      strip-ansi "^4.0.0"
      strip-json-comments "~2.0.1"
      table "4.0.2"
      text-table "~0.2.0"
  
  espree@^3.5.4:
    version "3.5.4"
    resolved "http://registry.npm.taobao.org/espree/download/espree-3.5.4.tgz#b0f447187c8a8bed944b815a660bddf5deb5d1a7"
    dependencies:
      acorn "^5.5.0"
      acorn-jsx "^3.0.0"
  
  esprima@^4.0.0:
    version "4.0.0"
    resolved "http://registry.npm.taobao.org/esprima/download/esprima-4.0.0.tgz#4499eddcd1110e0b218bacf2fa7f7f59f55ca804"
  
  esquery@^1.0.0:
    version "1.0.1"
    resolved "http://registry.npm.taobao.org/esquery/download/esquery-1.0.1.tgz#406c51658b1f5991a5f9b62b1dc25b00e3e5c708"
    dependencies:
      estraverse "^4.0.0"
  
  esrecurse@^4.1.0:
    version "4.2.1"
    resolved "http://registry.npm.taobao.org/esrecurse/download/esrecurse-4.2.1.tgz#007a3b9fdbc2b3bb87e4879ea19c92fdbd3942cf"
    dependencies:
      estraverse "^4.1.0"
  
  estraverse@^4.0.0, estraverse@^4.1.0, estraverse@^4.1.1:
    version "4.2.0"
    resolved "http://registry.npm.taobao.org/estraverse/download/estraverse-4.2.0.tgz#0dee3fed31fcd469618ce7342099fc1afa0bdb13"
  
  esutils@^2.0.2:
    version "2.0.2"
    resolved "http://registry.npm.taobao.org/esutils/download/esutils-2.0.2.tgz#0abf4f1caa5bcb1f7a9d8acc6dea4faaa04bac9b"
  
  etag@~1.8.0, etag@~1.8.1:
    version "1.8.1"
    resolved "http://registry.npm.taobao.org/etag/download/etag-1.8.1.tgz#41ae2eeb65efa62268aebfea83ac7d79299b0887"
  
  exit-on-epipe@~1.0.1:
    version "1.0.1"
    resolved "http://registry.npm.taobao.org/exit-on-epipe/download/exit-on-epipe-1.0.1.tgz#0bdd92e87d5285d267daa8171d0eb06159689692"
  
  express@~4.15.2:
    version "4.15.5"
    resolved "http://registry.npm.taobao.org/express/download/express-4.15.5.tgz#670235ca9598890a5ae8170b83db722b842ed927"
    dependencies:
      accepts "~1.3.3"
      array-flatten "1.1.1"
      content-disposition "0.5.2"
      content-type "~1.0.2"
      cookie "0.3.1"
      cookie-signature "1.0.6"
      debug "2.6.9"
      depd "~1.1.1"
      encodeurl "~1.0.1"
      escape-html "~1.0.3"
      etag "~1.8.0"
      finalhandler "~1.0.6"
      fresh "0.5.2"
      merge-descriptors "1.0.1"
      methods "~1.1.2"
      on-finished "~2.3.0"
      parseurl "~1.3.1"
      path-to-regexp "0.1.7"
      proxy-addr "~1.1.5"
      qs "6.5.0"
      range-parser "~1.2.0"
      send "0.15.6"
      serve-static "1.12.6"
      setprototypeof "1.0.3"
      statuses "~1.3.1"
      type-is "~1.6.15"
      utils-merge "1.0.0"
      vary "~1.1.1"
  
  external-editor@^2.0.4:
    version "2.2.0"
    resolved "http://registry.npm.taobao.org/external-editor/download/external-editor-2.2.0.tgz#045511cfd8d133f3846673d1047c154e214ad3d5"
    dependencies:
      chardet "^0.4.0"
      iconv-lite "^0.4.17"
      tmp "^0.0.33"
  
  fast-deep-equal@^1.0.0:
    version "1.1.0"
    resolved "http://registry.npm.taobao.org/fast-deep-equal/download/fast-deep-equal-1.1.0.tgz#c053477817c86b51daa853c81e059b733d023614"
  
  fast-json-stable-stringify@^2.0.0:
    version "2.0.0"
    resolved "http://registry.npm.taobao.org/fast-json-stable-stringify/download/fast-json-stable-stringify-2.0.0.tgz#d5142c0caee6b1189f87d3a76111064f86c8bbf2"
  
  fast-levenshtein@~2.0.4:
    version "2.0.6"
    resolved "http://registry.npm.taobao.org/fast-levenshtein/download/fast-levenshtein-2.0.6.tgz#3d8a5c66883a16a30ca8643e851f19baa7797917"
  
  figures@^2.0.0:
    version "2.0.0"
    resolved "http://registry.npm.taobao.org/figures/download/figures-2.0.0.tgz#3ab1a2d2a62c8bfb431a0c94cb797a2fce27c962"
    dependencies:
      escape-string-regexp "^1.0.5"
  
  file-entry-cache@^2.0.0:
    version "2.0.0"
    resolved "http://registry.npm.taobao.org/file-entry-cache/download/file-entry-cache-2.0.0.tgz#c392990c3e684783d838b8c84a45d8a048458361"
    dependencies:
      flat-cache "^1.2.1"
      object-assign "^4.0.1"
  
  file-stream-rotator@^0.2.0:
    version "0.2.1"
    resolved "http://registry.npm.taobao.org/file-stream-rotator/download/file-stream-rotator-0.2.1.tgz#0d6fea1a9a7aba25a87cfd31b6e269e44e8f0af2"
    dependencies:
      moment "^2.11.2"
  
  finalhandler@~1.0.6:
    version "1.0.6"
    resolved "http://registry.npm.taobao.org/finalhandler/download/finalhandler-1.0.6.tgz#007aea33d1a4d3e42017f624848ad58d212f814f"
    dependencies:
      debug "2.6.9"
      encodeurl "~1.0.1"
      escape-html "~1.0.3"
      on-finished "~2.3.0"
      parseurl "~1.3.2"
      statuses "~1.3.1"
      unpipe "~1.0.0"
  
  find-up@^1.0.0:
    version "1.1.2"
    resolved "http://registry.npm.taobao.org/find-up/download/find-up-1.1.2.tgz#6b2e9822b1a2ce0a60ab64d610eccad53cb24d0f"
    dependencies:
      path-exists "^2.0.0"
      pinkie-promise "^2.0.0"
  
  find-up@^2.0.0:
    version "2.1.0"
    resolved "http://registry.npm.taobao.org/find-up/download/find-up-2.1.0.tgz#45d1b7e506c717ddd482775a2b77920a3c0c57a7"
    dependencies:
      locate-path "^2.0.0"
  
  flat-cache@^1.2.1:
    version "1.3.0"
    resolved "http://registry.npm.taobao.org/flat-cache/download/flat-cache-1.3.0.tgz#d3030b32b38154f4e3b7e9c709f490f7ef97c481"
    dependencies:
      circular-json "^0.3.1"
      del "^2.0.2"
      graceful-fs "^4.1.2"
      write "^0.2.1"
  
  forwarded@~0.1.0:
    version "0.1.2"
    resolved "http://registry.npm.taobao.org/forwarded/download/forwarded-0.1.2.tgz#98c23dab1175657b8c0573e8ceccd91b0ff18c84"
  
  frac@~1.1.2:
    version "1.1.2"
    resolved "http://registry.npm.taobao.org/frac/download/frac-1.1.2.tgz#3d74f7f6478c88a1b5020306d747dc6313c74d0b"
  
  fresh@0.5.2:
    version "0.5.2"
    resolved "http://registry.npm.taobao.org/fresh/download/fresh-0.5.2.tgz#3d8cadd90d976569fa835ab1f8e4b23a105605a7"
  
  fs.realpath@^1.0.0:
    version "1.0.0"
    resolved "http://registry.npm.taobao.org/fs.realpath/download/fs.realpath-1.0.0.tgz#1504ad2523158caa40db4a2787cb01411994ea4f"
  
  function-bind@^1.0.2:
    version "1.1.1"
    resolved "http://registry.npm.taobao.org/function-bind/download/function-bind-1.1.1.tgz#a56899d3ea3c9bab874bb9773b7c5ede92f4895d"
  
  functional-red-black-tree@^1.0.1:
    version "1.0.1"
    resolved "http://registry.npm.taobao.org/functional-red-black-tree/download/functional-red-black-tree-1.0.1.tgz#1b0ab3bd553b2a0d6399d29c0e3ea0b252078327"
  
  glob@^7.0.3, glob@^7.0.5, glob@^7.1.2:
    version "7.1.2"
    resolved "http://registry.npm.taobao.org/glob/download/glob-7.1.2.tgz#c19c9df9a028702d678612384a6552404c636d15"
    dependencies:
      fs.realpath "^1.0.0"
      inflight "^1.0.4"
      inherits "2"
      minimatch "^3.0.4"
      once "^1.3.0"
      path-is-absolute "^1.0.0"
  
  globals@^11.0.1:
    version "11.4.0"
    resolved "http://registry.npm.taobao.org/globals/download/globals-11.4.0.tgz#b85c793349561c16076a3c13549238a27945f1bc"
  
  globby@^5.0.0:
    version "5.0.0"
    resolved "http://registry.npm.taobao.org/globby/download/globby-5.0.0.tgz#ebd84667ca0dbb330b99bcfc68eac2bc54370e0d"
    dependencies:
      array-union "^1.0.1"
      arrify "^1.0.0"
      glob "^7.0.3"
      object-assign "^4.0.1"
      pify "^2.0.0"
      pinkie-promise "^2.0.0"
  
  graceful-fs@^4.1.2:
    version "4.1.11"
    resolved "http://registry.npm.taobao.org/graceful-fs/download/graceful-fs-4.1.11.tgz#0e8bdfe4d1ddb8854d64e04ea7c00e2a026e5658"
  
  "graceful-readlink@>= 1.0.0":
    version "1.0.1"
    resolved "http://registry.npm.taobao.org/graceful-readlink/download/graceful-readlink-1.0.1.tgz#4cafad76bc62f02fa039b2f94e9a3dd3a391a725"
  
  has-ansi@^2.0.0:
    version "2.0.0"
    resolved "http://registry.npm.taobao.org/has-ansi/download/has-ansi-2.0.0.tgz#34f5049ce1ecdf2b0649af3ef24e45ed35416d91"
    dependencies:
      ansi-regex "^2.0.0"
  
  has-flag@^3.0.0:
    version "3.0.0"
    resolved "http://registry.npm.taobao.org/has-flag/download/has-flag-3.0.0.tgz#b5d454dc2199ae225699f3467e5a07f3b955bafd"
  
  has@^1.0.1:
    version "1.0.1"
    resolved "http://registry.npm.taobao.org/has/download/has-1.0.1.tgz#8461733f538b0837c9361e39a9ab9e9704dc2f28"
    dependencies:
      function-bind "^1.0.2"
  
  hooks-fixed@2.0.2:
    version "2.0.2"
    resolved "http://registry.npm.taobao.org/hooks-fixed/download/hooks-fixed-2.0.2.tgz#20076daa07e77d8a6106883ce3f1722e051140b0"
  
  hosted-git-info@^2.1.4:
    version "2.6.0"
    resolved "http://registry.npm.taobao.org/hosted-git-info/download/hosted-git-info-2.6.0.tgz#23235b29ab230c576aab0d4f13fc046b0b038222"
  
  http-errors@~1.6.1, http-errors@~1.6.2:
    version "1.6.3"
    resolved "http://registry.npm.taobao.org/http-errors/download/http-errors-1.6.3.tgz#8b55680bb4be283a0b5bf4ea2e38580be1d9320d"
    dependencies:
      depd "~1.1.2"
      inherits "2.0.3"
      setprototypeof "1.1.0"
      statuses ">= 1.4.0 < 2"
  
  iconv-lite@0.4.15:
    version "0.4.15"
    resolved "http://registry.npm.taobao.org/iconv-lite/download/iconv-lite-0.4.15.tgz#fe265a218ac6a57cfe854927e9d04c19825eddeb"
  
  iconv-lite@^0.4.17, iconv-lite@^0.4.19:
    version "0.4.21"
    resolved "http://registry.npm.taobao.org/iconv-lite/download/iconv-lite-0.4.21.tgz#c47f8733d02171189ebc4a400f3218d348094798"
    dependencies:
      safer-buffer "^2.1.0"
  
  ignore@^3.3.3, ignore@^3.3.6:
    version "3.3.7"
    resolved "http://registry.npm.taobao.org/ignore/download/ignore-3.3.7.tgz#612289bfb3c220e186a58118618d5be8c1bab021"
  
  imurmurhash@^0.1.4:
    version "0.1.4"
    resolved "http://registry.npm.taobao.org/imurmurhash/download/imurmurhash-0.1.4.tgz#9218b9b2b928a238b13dc4fb6b6d576f231453ea"
  
  inflight@^1.0.4:
    version "1.0.6"
    resolved "http://registry.npm.taobao.org/inflight/download/inflight-1.0.6.tgz#49bd6331d7d02d0c09bc910a1075ba8165b56df9"
    dependencies:
      once "^1.3.0"
      wrappy "1"
  
  inherits@2, inherits@2.0.3, inherits@^2.0.3, inherits@~2.0.1, inherits@~2.0.3:
    version "2.0.3"
    resolved "http://registry.npm.taobao.org/inherits/download/inherits-2.0.3.tgz#633c2c83e3da42a502f52466022480f4208261de"
  
  inquirer@^3.0.6:
    version "3.3.0"
    resolved "http://registry.npm.taobao.org/inquirer/download/inquirer-3.3.0.tgz#9dd2f2ad765dcab1ff0443b491442a20ba227dc9"
    dependencies:
      ansi-escapes "^3.0.0"
      chalk "^2.0.0"
      cli-cursor "^2.1.0"
      cli-width "^2.0.0"
      external-editor "^2.0.4"
      figures "^2.0.0"
      lodash "^4.3.0"
      mute-stream "0.0.7"
      run-async "^2.2.0"
      rx-lite "^4.0.8"
      rx-lite-aggregates "^4.0.8"
      string-width "^2.1.0"
      strip-ansi "^4.0.0"
      through "^2.3.6"
  
  ipaddr.js@1.4.0:
    version "1.4.0"
    resolved "http://registry.npm.taobao.org/ipaddr.js/download/ipaddr.js-1.4.0.tgz#296aca878a821816e5b85d0a285a99bcff4582f0"
  
  is-arrayish@^0.2.1:
    version "0.2.1"
    resolved "http://registry.npm.taobao.org/is-arrayish/download/is-arrayish-0.2.1.tgz#77c99840527aa8ecb1a8ba697b80645a7a926a9d"
  
  is-buffer@^1.1.5:
    version "1.1.6"
    resolved "http://registry.npm.taobao.org/is-buffer/download/is-buffer-1.1.6.tgz#efaa2ea9daa0d7ab2ea13a97b2b8ad51fefbe8be"
  
  is-builtin-module@^1.0.0:
    version "1.0.0"
    resolved "http://registry.npm.taobao.org/is-builtin-module/download/is-builtin-module-1.0.0.tgz#540572d34f7ac3119f8f76c30cbc1b1e037affbe"
    dependencies:
      builtin-modules "^1.0.0"
  
  is-fullwidth-code-point@^2.0.0:
    version "2.0.0"
    resolved "http://registry.npm.taobao.org/is-fullwidth-code-point/download/is-fullwidth-code-point-2.0.0.tgz#a3b30a5c4f199183167aaab93beefae3ddfb654f"
  
  is-path-cwd@^1.0.0:
    version "1.0.0"
    resolved "http://registry.npm.taobao.org/is-path-cwd/download/is-path-cwd-1.0.0.tgz#d225ec23132e89edd38fda767472e62e65f1106d"
  
  is-path-in-cwd@^1.0.0:
    version "1.0.1"
    resolved "http://registry.npm.taobao.org/is-path-in-cwd/download/is-path-in-cwd-1.0.1.tgz#5ac48b345ef675339bd6c7a48a912110b241cf52"
    dependencies:
      is-path-inside "^1.0.0"
  
  is-path-inside@^1.0.0:
    version "1.0.1"
    resolved "http://registry.npm.taobao.org/is-path-inside/download/is-path-inside-1.0.1.tgz#8ef5b7de50437a3fdca6b4e865ef7aa55cb48036"
    dependencies:
      path-is-inside "^1.0.1"
  
  is-promise@^2.0.0, is-promise@^2.1.0:
    version "2.1.0"
    resolved "http://registry.npm.taobao.org/is-promise/download/is-promise-2.1.0.tgz#79a2a9ece7f096e80f36d2b2f3bc16c1ff4bf3fa"
  
  is-promise@~1:
    version "1.0.1"
    resolved "http://registry.npm.taobao.org/is-promise/download/is-promise-1.0.1.tgz#31573761c057e33c2e91aab9e96da08cefbe76e5"
  
  is-resolvable@^1.0.0:
    version "1.1.0"
    resolved "http://registry.npm.taobao.org/is-resolvable/download/is-resolvable-1.1.0.tgz#fb18f87ce1feb925169c9a407c19318a3206ed88"
  
  isarray@0.0.1:
    version "0.0.1"
    resolved "http://registry.npm.taobao.org/isarray/download/isarray-0.0.1.tgz#8a18acfca9a8f4177e09abfc6038939b05d1eedf"
  
  isarray@^1.0.0, isarray@~1.0.0:
    version "1.0.0"
    resolved "http://registry.npm.taobao.org/isarray/download/isarray-1.0.0.tgz#bb935d48582cba168c06834957a54a3e07124f11"
  
  isexe@^2.0.0:
    version "2.0.0"
    resolved "http://registry.npm.taobao.org/isexe/download/isexe-2.0.0.tgz#e8fbf374dc556ff8947a10dcb0572d633f2cfa10"
  
  jade@~1.11.0:
    version "1.11.0"
    resolved "http://registry.npm.taobao.org/jade/download/jade-1.11.0.tgz#9c80e538c12d3fb95c8d9bb9559fa0cc040405fd"
    dependencies:
      character-parser "1.2.1"
      clean-css "^3.1.9"
      commander "~2.6.0"
      constantinople "~3.0.1"
      jstransformer "0.0.2"
      mkdirp "~0.5.0"
      transformers "2.1.0"
      uglify-js "^2.4.19"
      void-elements "~2.0.1"
      with "~4.0.0"
  
  js-tokens@^3.0.2:
    version "3.0.2"
    resolved "http://registry.npm.taobao.org/js-tokens/download/js-tokens-3.0.2.tgz#9866df395102130e38f7f996bceb65443209c25b"
  
  js-yaml@^3.9.1:
    version "3.11.0"
    resolved "http://registry.npm.taobao.org/js-yaml/download/js-yaml-3.11.0.tgz#597c1a8bd57152f26d622ce4117851a51f5ebaef"
    dependencies:
      argparse "^1.0.7"
      esprima "^4.0.0"
  
  json-schema-traverse@^0.3.0:
    version "0.3.1"
    resolved "http://registry.npm.taobao.org/json-schema-traverse/download/json-schema-traverse-0.3.1.tgz#349a6d44c53a51de89b40805c5d5e59b417d3340"
  
  json-stable-stringify-without-jsonify@^1.0.1:
    version "1.0.1"
    resolved "http://registry.npm.taobao.org/json-stable-stringify-without-jsonify/download/json-stable-stringify-without-jsonify-1.0.1.tgz#9db7b59496ad3f3cfef30a75142d2d930ad72651"
  
  jstransformer@0.0.2:
    version "0.0.2"
    resolved "http://registry.npm.taobao.org/jstransformer/download/jstransformer-0.0.2.tgz#7aae29a903d196cfa0973d885d3e47947ecd76ab"
    dependencies:
      is-promise "^2.0.0"
      promise "^6.0.1"
  
  kareem@1.5.0:
    version "1.5.0"
    resolved "http://registry.npm.taobao.org/kareem/download/kareem-1.5.0.tgz#e3e4101d9dcfde299769daf4b4db64d895d17448"
  
  kind-of@^3.0.2:
    version "3.2.2"
    resolved "http://registry.npm.taobao.org/kind-of/download/kind-of-3.2.2.tgz#31ea21a734bab9bbb0f32466d893aea51e4a3c64"
    dependencies:
      is-buffer "^1.1.5"
  
  lazy-cache@^1.0.3:
    version "1.0.4"
    resolved "http://registry.npm.taobao.org/lazy-cache/download/lazy-cache-1.0.4.tgz#a1d78fc3a50474cb80845d3b3b6e1da49a446e8e"
  
  levn@^0.3.0, levn@~0.3.0:
    version "0.3.0"
    resolved "http://registry.npm.taobao.org/levn/download/levn-0.3.0.tgz#3b09924edf9f083c0490fdd4c0bc4421e04764ee"
    dependencies:
      prelude-ls "~1.1.2"
      type-check "~0.3.2"
  
  load-json-file@^2.0.0:
    version "2.0.0"
    resolved "http://registry.npm.taobao.org/load-json-file/download/load-json-file-2.0.0.tgz#7947e42149af80d696cbf797bcaabcfe1fe29ca8"
    dependencies:
      graceful-fs "^4.1.2"
      parse-json "^2.2.0"
      pify "^2.0.0"
      strip-bom "^3.0.0"
  
  locate-path@^2.0.0:
    version "2.0.0"
    resolved "http://registry.npm.taobao.org/locate-path/download/locate-path-2.0.0.tgz#2b568b265eec944c6d9c0de9c3dbbbca0354cd8e"
    dependencies:
      p-locate "^2.0.0"
      path-exists "^3.0.0"
  
  lodash.get@4.4.2:
    version "4.4.2"
    resolved "http://registry.npm.taobao.org/lodash.get/download/lodash.get-4.4.2.tgz#2d177f652fa31e939b4438d5341499dfa3825e99"
  
  lodash@^4.14.0, lodash@^4.17.4, lodash@^4.3.0:
    version "4.17.5"
    resolved "http://registry.npm.taobao.org/lodash/download/lodash-4.17.5.tgz#99a92d65c0272debe8c96b6057bc8fbfa3bed511"
  
  longest@^1.0.1:
    version "1.0.1"
    resolved "http://registry.npm.taobao.org/longest/download/longest-1.0.1.tgz#30a0b2da38f73770e8294a0d22e6625ed77d0097"
  
  lru-cache@^4.0.1:
    version "4.1.2"
    resolved "http://registry.npm.taobao.org/lru-cache/download/lru-cache-4.1.2.tgz#45234b2e6e2f2b33da125624c4664929a0224c3f"
    dependencies:
      pseudomap "^1.0.2"
      yallist "^2.1.2"
  
  media-typer@0.3.0:
    version "0.3.0"
    resolved "http://registry.npm.taobao.org/media-typer/download/media-typer-0.3.0.tgz#8710d7af0aa626f8fffa1ce00168545263255748"
  
  merge-descriptors@1.0.1:
    version "1.0.1"
    resolved "http://registry.npm.taobao.org/merge-descriptors/download/merge-descriptors-1.0.1.tgz#b00aaa556dd8b44568150ec9d1b953f3f90cbb61"
  
  methods@~1.1.2:
    version "1.1.2"
    resolved "http://registry.npm.taobao.org/methods/download/methods-1.1.2.tgz#5529a4d67654134edcc5266656835b0f851afcee"
  
  mime-db@~1.33.0:
    version "1.33.0"
    resolved "http://registry.npm.taobao.org/mime-db/download/mime-db-1.33.0.tgz#a3492050a5cb9b63450541e39d9788d2272783db"
  
  mime-types@~2.1.18:
    version "2.1.18"
    resolved "http://registry.npm.taobao.org/mime-types/download/mime-types-2.1.18.tgz#6f323f60a83d11146f831ff11fd66e2fe5503bb8"
    dependencies:
      mime-db "~1.33.0"
  
  mime@1.3.4:
    version "1.3.4"
    resolved "http://registry.npm.taobao.org/mime/download/mime-1.3.4.tgz#115f9e3b6b3daf2959983cb38f149a2d40eb5d53"
  
  mimic-fn@^1.0.0:
    version "1.2.0"
    resolved "http://registry.npm.taobao.org/mimic-fn/download/mimic-fn-1.2.0.tgz#820c86a39334640e99516928bd03fca88057d022"
  
  minimatch@^3.0.2, minimatch@^3.0.3, minimatch@^3.0.4:
    version "3.0.4"
    resolved "http://registry.npm.taobao.org/minimatch/download/minimatch-3.0.4.tgz#5166e286457f03306064be5497e8dbb0c3d32083"
    dependencies:
      brace-expansion "^1.1.7"
  
  minimist@0.0.8:
    version "0.0.8"
    resolved "http://registry.npm.taobao.org/minimist/download/minimist-0.0.8.tgz#857fcabfc3397d2625b8228262e86aa7a011b05d"
  
  mkdirp@^0.5.1, mkdirp@~0.5.0:
    version "0.5.1"
    resolved "http://registry.npm.taobao.org/mkdirp/download/mkdirp-0.5.1.tgz#30057438eac6cf7f8c4767f38648d6697d75c903"
    dependencies:
      minimist "0.0.8"
  
  moment@^2.11.2:
    version "2.22.1"
    resolved "http://registry.npm.taobao.org/moment/download/moment-2.22.1.tgz#529a2e9bf973f259c9643d237fda84de3a26e8ad"
  
  mongodb-core@2.1.18:
    version "2.1.18"
    resolved "http://registry.npm.taobao.org/mongodb-core/download/mongodb-core-2.1.18.tgz#4c46139bdf3a1f032ded91db49f38eec01659050"
    dependencies:
      bson "~1.0.4"
      require_optional "~1.0.0"
  
  mongodb-core@3.0.7:
    version "3.0.7"
    resolved "http://registry.npm.taobao.org/mongodb-core/download/mongodb-core-3.0.7.tgz#a9941f14883a75768d554cef5fd67756a9cc0f25"
    dependencies:
      bson "~1.0.4"
      require_optional "^1.0.1"
  
  mongodb@2.2.34:
    version "2.2.34"
    resolved "http://registry.npm.taobao.org/mongodb/download/mongodb-2.2.34.tgz#a34f59bbeb61754aec432de72c3fe21526a44c1a"
    dependencies:
      es6-promise "3.2.1"
      mongodb-core "2.1.18"
      readable-stream "2.2.7"
  
  mongodb@^3.0.1:
    version "3.0.7"
    resolved "http://registry.npm.taobao.org/mongodb/download/mongodb-3.0.7.tgz#cfcbaee992d78dabca67177f8f9db9cf13ac3a44"
    dependencies:
      mongodb-core "3.0.7"
  
  mongoose@^4.13.9:
    version "4.13.12"
    resolved "http://registry.npm.taobao.org/mongoose/download/mongoose-4.13.12.tgz#8eb2bb9c820391cc524540950a8eb5f0992f1e8b"
    dependencies:
      async "2.1.4"
      bson "~1.0.4"
      hooks-fixed "2.0.2"
      kareem "1.5.0"
      lodash.get "4.4.2"
      mongodb "2.2.34"
      mpath "0.3.0"
      mpromise "0.5.5"
      mquery "2.3.3"
      ms "2.0.0"
      muri "1.3.0"
      regexp-clone "0.0.1"
      sliced "1.0.1"
  
  morgan@~1.8.1:
    version "1.8.2"
    resolved "http://registry.npm.taobao.org/morgan/download/morgan-1.8.2.tgz#784ac7734e4a453a9c6e6e8680a9329275c8b687"
    dependencies:
      basic-auth "~1.1.0"
      debug "2.6.8"
      depd "~1.1.0"
      on-finished "~2.3.0"
      on-headers "~1.0.1"
  
  mpath@0.3.0:
    version "0.3.0"
    resolved "http://registry.npm.taobao.org/mpath/download/mpath-0.3.0.tgz#7a58f789e9b5fd3c94520634157960f26bd5ef44"
  
  mpromise@0.5.5:
    version "0.5.5"
    resolved "http://registry.npm.taobao.org/mpromise/download/mpromise-0.5.5.tgz#f5b24259d763acc2257b0a0c8c6d866fd51732e6"
  
  mquery@2.3.3:
    version "2.3.3"
    resolved "http://registry.npm.taobao.org/mquery/download/mquery-2.3.3.tgz#221412e5d4e7290ca5582dd16ea8f190a506b518"
    dependencies:
      bluebird "3.5.0"
      debug "2.6.9"
      regexp-clone "0.0.1"
      sliced "0.0.5"
  
  ms@2.0.0:
    version "2.0.0"
    resolved "http://registry.npm.taobao.org/ms/download/ms-2.0.0.tgz#5608aeadfc00be6c2901df5f9861788de0d597c8"
  
  multer@^1.3.0:
    version "1.3.0"
    resolved "http://registry.npm.taobao.org/multer/download/multer-1.3.0.tgz#092b2670f6846fa4914965efc8cf94c20fec6cd2"
    dependencies:
      append-field "^0.1.0"
      busboy "^0.2.11"
      concat-stream "^1.5.0"
      mkdirp "^0.5.1"
      object-assign "^3.0.0"
      on-finished "^2.3.0"
      type-is "^1.6.4"
      xtend "^4.0.0"
  
  muri@1.3.0:
    version "1.3.0"
    resolved "http://registry.npm.taobao.org/muri/download/muri-1.3.0.tgz#aeccf3db64c56aa7c5b34e00f95b7878527a4721"
  
  mute-stream@0.0.7:
    version "0.0.7"
    resolved "http://registry.npm.taobao.org/mute-stream/download/mute-stream-0.0.7.tgz#3075ce93bc21b8fab43e1bc4da7e8115ed1e7bab"
  
  natural-compare@^1.4.0:
    version "1.4.0"
    resolved "http://registry.npm.taobao.org/natural-compare/download/natural-compare-1.4.0.tgz#4abebfeed7541f2c27acfb29bdbbd15c8d5ba4f7"
  
  negotiator@0.6.1:
    version "0.6.1"
    resolved "http://registry.npm.taobao.org/negotiator/download/negotiator-0.6.1.tgz#2b327184e8992101177b28563fb5e7102acd0ca9"
  
  node-xlsx@^0.12.0:
    version "0.12.0"
    resolved "http://registry.npm.taobao.org/node-xlsx/download/node-xlsx-0.12.0.tgz#6a02325ada2164df8dc3e54becfc5045ab9f6ed1"
    dependencies:
      xlsx "^0.12.4"
  
  normalize-package-data@^2.3.2:
    version "2.4.0"
    resolved "http://registry.npm.taobao.org/normalize-package-data/download/normalize-package-data-2.4.0.tgz#12f95a307d58352075a04907b84ac8be98ac012f"
    dependencies:
      hosted-git-info "^2.1.4"
      is-builtin-module "^1.0.0"
      semver "2 || 3 || 4 || 5"
      validate-npm-package-license "^3.0.1"
  
  object-assign@^3.0.0:
    version "3.0.0"
    resolved "http://registry.npm.taobao.org/object-assign/download/object-assign-3.0.0.tgz#9bedd5ca0897949bca47e7ff408062d549f587f2"
  
  object-assign@^4.0.1:
    version "4.1.1"
    resolved "http://registry.npm.taobao.org/object-assign/download/object-assign-4.1.1.tgz#2109adc7965887cfc05cbbd442cac8bfbb360863"
  
  on-finished@^2.3.0, on-finished@~2.3.0:
    version "2.3.0"
    resolved "http://registry.npm.taobao.org/on-finished/download/on-finished-2.3.0.tgz#20f1336481b083cd75337992a16971aa2d906947"
    dependencies:
      ee-first "1.1.1"
  
  on-headers@~1.0.1:
    version "1.0.1"
    resolved "http://registry.npm.taobao.org/on-headers/download/on-headers-1.0.1.tgz#928f5d0f470d49342651ea6794b0857c100693f7"
  
  once@^1.3.0:
    version "1.4.0"
    resolved "http://registry.npm.taobao.org/once/download/once-1.4.0.tgz#583b1aa775961d4b113ac17d9c50baef9dd76bd1"
    dependencies:
      wrappy "1"
  
  onetime@^2.0.0:
    version "2.0.1"
    resolved "http://registry.npm.taobao.org/onetime/download/onetime-2.0.1.tgz#067428230fd67443b2794b22bba528b6867962d4"
    dependencies:
      mimic-fn "^1.0.0"
  
  optimist@~0.3.5:
    version "0.3.7"
    resolved "http://registry.npm.taobao.org/optimist/download/optimist-0.3.7.tgz#c90941ad59e4273328923074d2cf2e7cbc6ec0d9"
    dependencies:
      wordwrap "~0.0.2"
  
  optionator@^0.8.2:
    version "0.8.2"
    resolved "http://registry.npm.taobao.org/optionator/download/optionator-0.8.2.tgz#364c5e409d3f4d6301d6c0b4c05bba50180aeb64"
    dependencies:
      deep-is "~0.1.3"
      fast-levenshtein "~2.0.4"
      levn "~0.3.0"
      prelude-ls "~1.1.2"
      type-check "~0.3.2"
      wordwrap "~1.0.0"
  
  os-tmpdir@~1.0.2:
    version "1.0.2"
    resolved "http://registry.npm.taobao.org/os-tmpdir/download/os-tmpdir-1.0.2.tgz#bbe67406c79aa85c5cfec766fe5734555dfa1274"
  
  p-limit@^1.1.0:
    version "1.2.0"
    resolved "http://registry.npm.taobao.org/p-limit/download/p-limit-1.2.0.tgz#0e92b6bedcb59f022c13d0f1949dc82d15909f1c"
    dependencies:
      p-try "^1.0.0"
  
  p-locate@^2.0.0:
    version "2.0.0"
    resolved "http://registry.npm.taobao.org/p-locate/download/p-locate-2.0.0.tgz#20a0103b222a70c8fd39cc2e580680f3dde5ec43"
    dependencies:
      p-limit "^1.1.0"
  
  p-try@^1.0.0:
    version "1.0.0"
    resolved "http://registry.npm.taobao.org/p-try/download/p-try-1.0.0.tgz#cbc79cdbaf8fd4228e13f621f2b1a237c1b207b3"
  
  parse-json@^2.2.0:
    version "2.2.0"
    resolved "http://registry.npm.taobao.org/parse-json/download/parse-json-2.2.0.tgz#f480f40434ef80741f8469099f8dea18f55a4dc9"
    dependencies:
      error-ex "^1.2.0"
  
  parseurl@~1.3.1, parseurl@~1.3.2:
    version "1.3.2"
    resolved "http://registry.npm.taobao.org/parseurl/download/parseurl-1.3.2.tgz#fc289d4ed8993119460c156253262cdc8de65bf3"
  
  path-exists@^2.0.0:
    version "2.1.0"
    resolved "http://registry.npm.taobao.org/path-exists/download/path-exists-2.1.0.tgz#0feb6c64f0fc518d9a754dd5efb62c7022761f4b"
    dependencies:
      pinkie-promise "^2.0.0"
  
  path-exists@^3.0.0:
    version "3.0.0"
    resolved "http://registry.npm.taobao.org/path-exists/download/path-exists-3.0.0.tgz#ce0ebeaa5f78cb18925ea7d810d7b59b010fd515"
  
  path-is-absolute@^1.0.0:
    version "1.0.1"
    resolved "http://registry.npm.taobao.org/path-is-absolute/download/path-is-absolute-1.0.1.tgz#174b9268735534ffbc7ace6bf53a5a9e1b5c5f5f"
  
  path-is-inside@^1.0.1, path-is-inside@^1.0.2:
    version "1.0.2"
    resolved "http://registry.npm.taobao.org/path-is-inside/download/path-is-inside-1.0.2.tgz#365417dede44430d1c11af61027facf074bdfc53"
  
  path-parse@^1.0.5:
    version "1.0.5"
    resolved "http://registry.npm.taobao.org/path-parse/download/path-parse-1.0.5.tgz#3c1adf871ea9cd6c9431b6ea2bd74a0ff055c4c1"
  
  path-to-regexp@0.1.7:
    version "0.1.7"
    resolved "http://registry.npm.taobao.org/path-to-regexp/download/path-to-regexp-0.1.7.tgz#df604178005f522f15eb4490e7247a1bfaa67f8c"
  
  path-type@^2.0.0:
    version "2.0.0"
    resolved "http://registry.npm.taobao.org/path-type/download/path-type-2.0.0.tgz#f012ccb8415b7096fc2daa1054c3d72389594c73"
    dependencies:
      pify "^2.0.0"
  
  pify@^2.0.0:
    version "2.3.0"
    resolved "http://registry.npm.taobao.org/pify/download/pify-2.3.0.tgz#ed141a6ac043a849ea588498e7dca8b15330e90c"
  
  pinkie-promise@^2.0.0:
    version "2.0.1"
    resolved "http://registry.npm.taobao.org/pinkie-promise/download/pinkie-promise-2.0.1.tgz#2135d6dfa7a358c069ac9b178776288228450ffa"
    dependencies:
      pinkie "^2.0.0"
  
  pinkie@^2.0.0:
    version "2.0.4"
    resolved "http://registry.npm.taobao.org/pinkie/download/pinkie-2.0.4.tgz#72556b80cfa0d48a974e80e77248e80ed4f7f870"
  
  pkg-dir@^1.0.0:
    version "1.0.0"
    resolved "http://registry.npm.taobao.org/pkg-dir/download/pkg-dir-1.0.0.tgz#7a4b508a8d5bb2d629d447056ff4e9c9314cf3d4"
    dependencies:
      find-up "^1.0.0"
  
  pluralize@^7.0.0:
    version "7.0.0"
    resolved "http://registry.npm.taobao.org/pluralize/download/pluralize-7.0.0.tgz#298b89df8b93b0221dbf421ad2b1b1ea23fc6777"
  
  prelude-ls@~1.1.2:
    version "1.1.2"
    resolved "http://registry.npm.taobao.org/prelude-ls/download/prelude-ls-1.1.2.tgz#21932a549f5e52ffd9a827f570e04be62a97da54"
  
  printj@~1.1.0, printj@~1.1.2:
    version "1.1.2"
    resolved "http://registry.npm.taobao.org/printj/download/printj-1.1.2.tgz#d90deb2975a8b9f600fb3a1c94e3f4c53c78a222"
  
  process-nextick-args@~1.0.6:
    version "1.0.7"
    resolved "http://registry.npm.taobao.org/process-nextick-args/download/process-nextick-args-1.0.7.tgz#150e20b756590ad3f91093f25a4f2ad8bff30ba3"
  
  process-nextick-args@~2.0.0:
    version "2.0.0"
    resolved "http://registry.npm.taobao.org/process-nextick-args/download/process-nextick-args-2.0.0.tgz#a37d732f4271b4ab1ad070d35508e8290788ffaa"
  
  progress@^2.0.0:
    version "2.0.0"
    resolved "http://registry.npm.taobao.org/progress/download/progress-2.0.0.tgz#8a1be366bf8fc23db2bd23f10c6fe920b4389d1f"
  
  promise@^6.0.1:
    version "6.1.0"
    resolved "http://registry.npm.taobao.org/promise/download/promise-6.1.0.tgz#2ce729f6b94b45c26891ad0602c5c90e04c6eef6"
    dependencies:
      asap "~1.0.0"
  
  promise@~2.0:
    version "2.0.0"
    resolved "http://registry.npm.taobao.org/promise/download/promise-2.0.0.tgz#46648aa9d605af5d2e70c3024bf59436da02b80e"
    dependencies:
      is-promise "~1"
  
  proxy-addr@~1.1.5:
    version "1.1.5"
    resolved "http://registry.npm.taobao.org/proxy-addr/download/proxy-addr-1.1.5.tgz#71c0ee3b102de3f202f3b64f608d173fcba1a918"
    dependencies:
      forwarded "~0.1.0"
      ipaddr.js "1.4.0"
  
  pseudomap@^1.0.2:
    version "1.0.2"
    resolved "http://registry.npm.taobao.org/pseudomap/download/pseudomap-1.0.2.tgz#f052a28da70e618917ef0a8ac34c1ae5a68286b3"
  
  qs@6.4.0:
    version "6.4.0"
    resolved "http://registry.npm.taobao.org/qs/download/qs-6.4.0.tgz#13e26d28ad6b0ffaa91312cd3bf708ed351e7233"
  
  qs@6.5.0:
    version "6.5.0"
    resolved "http://registry.npm.taobao.org/qs/download/qs-6.5.0.tgz#8d04954d364def3efc55b5a0793e1e2c8b1e6e49"
  
  range-parser@~1.2.0:
    version "1.2.0"
    resolved "http://registry.npm.taobao.org/range-parser/download/range-parser-1.2.0.tgz#f49be6b487894ddc40dcc94a322f611092e00d5e"
  
  raw-body@~2.2.0:
    version "2.2.0"
    resolved "http://registry.npm.taobao.org/raw-body/download/raw-body-2.2.0.tgz#994976cf6a5096a41162840492f0bdc5d6e7fb96"
    dependencies:
      bytes "2.4.0"
      iconv-lite "0.4.15"
      unpipe "1.0.0"
  
  read-pkg-up@^2.0.0:
    version "2.0.0"
    resolved "http://registry.npm.taobao.org/read-pkg-up/download/read-pkg-up-2.0.0.tgz#6b72a8048984e0c41e79510fd5e9fa99b3b549be"
    dependencies:
      find-up "^2.0.0"
      read-pkg "^2.0.0"
  
  read-pkg@^2.0.0:
    version "2.0.0"
    resolved "http://registry.npm.taobao.org/read-pkg/download/read-pkg-2.0.0.tgz#8ef1c0623c6a6db0dc6713c4bfac46332b2368f8"
    dependencies:
      load-json-file "^2.0.0"
      normalize-package-data "^2.3.2"
      path-type "^2.0.0"
  
  readable-stream@1.1.x:
    version "1.1.14"
    resolved "http://registry.npm.taobao.org/readable-stream/download/readable-stream-1.1.14.tgz#7cf4c54ef648e3813084c636dd2079e166c081d9"
    dependencies:
      core-util-is "~1.0.0"
      inherits "~2.0.1"
      isarray "0.0.1"
      string_decoder "~0.10.x"
  
  readable-stream@2.2.7:
    version "2.2.7"
    resolved "http://registry.npm.taobao.org/readable-stream/download/readable-stream-2.2.7.tgz#07057acbe2467b22042d36f98c5ad507054e95b1"
    dependencies:
      buffer-shims "~1.0.0"
      core-util-is "~1.0.0"
      inherits "~2.0.1"
      isarray "~1.0.0"
      process-nextick-args "~1.0.6"
      string_decoder "~1.0.0"
      util-deprecate "~1.0.1"
  
  readable-stream@^2.2.2:
    version "2.3.6"
    resolved "http://registry.npm.taobao.org/readable-stream/download/readable-stream-2.3.6.tgz#b11c27d88b8ff1fbe070643cf94b0c79ae1b0aaf"
    dependencies:
      core-util-is "~1.0.0"
      inherits "~2.0.3"
      isarray "~1.0.0"
      process-nextick-args "~2.0.0"
      safe-buffer "~5.1.1"
      string_decoder "~1.1.1"
      util-deprecate "~1.0.1"
  
  regexp-clone@0.0.1:
    version "0.0.1"
    resolved "http://registry.npm.taobao.org/regexp-clone/download/regexp-clone-0.0.1.tgz#a7c2e09891fdbf38fbb10d376fb73003e68ac589"
  
  regexpp@^1.0.1:
    version "1.1.0"
    resolved "http://registry.npm.taobao.org/regexpp/download/regexpp-1.1.0.tgz#0e3516dd0b7904f413d2d4193dce4618c3a689ab"
  
  repeat-string@^1.5.2:
    version "1.6.1"
    resolved "http://registry.npm.taobao.org/repeat-string/download/repeat-string-1.6.1.tgz#8dcae470e1c88abc2d600fff4a776286da75e637"
  
  require-uncached@^1.0.3:
    version "1.0.3"
    resolved "http://registry.npm.taobao.org/require-uncached/download/require-uncached-1.0.3.tgz#4e0d56d6c9662fd31e43011c4b95aa49955421d3"
    dependencies:
      caller-path "^0.1.0"
      resolve-from "^1.0.0"
  
  require_optional@^1.0.1, require_optional@~1.0.0:
    version "1.0.1"
    resolved "http://registry.npm.taobao.org/require_optional/download/require_optional-1.0.1.tgz#4cf35a4247f64ca3df8c2ef208cc494b1ca8fc2e"
    dependencies:
      resolve-from "^2.0.0"
      semver "^5.1.0"
  
  resolve-from@^1.0.0:
    version "1.0.1"
    resolved "http://registry.npm.taobao.org/resolve-from/download/resolve-from-1.0.1.tgz#26cbfe935d1aeeeabb29bc3fe5aeb01e93d44226"
  
  resolve-from@^2.0.0:
    version "2.0.0"
    resolved "http://registry.npm.taobao.org/resolve-from/download/resolve-from-2.0.0.tgz#9480ab20e94ffa1d9e80a804c7ea147611966b57"
  
  resolve@^1.3.3, resolve@^1.5.0, resolve@^1.6.0:
    version "1.7.1"
    resolved "http://registry.npm.taobao.org/resolve/download/resolve-1.7.1.tgz#aadd656374fd298aee895bc026b8297418677fd3"
    dependencies:
      path-parse "^1.0.5"
  
  restore-cursor@^2.0.0:
    version "2.0.0"
    resolved "http://registry.npm.taobao.org/restore-cursor/download/restore-cursor-2.0.0.tgz#9f7ee287f82fd326d4fd162923d62129eee0dfaf"
    dependencies:
      onetime "^2.0.0"
      signal-exit "^3.0.2"
  
  right-align@^0.1.1:
    version "0.1.3"
    resolved "http://registry.npm.taobao.org/right-align/download/right-align-0.1.3.tgz#61339b722fe6a3515689210d24e14c96148613ef"
    dependencies:
      align-text "^0.1.1"
  
  rimraf@^2.2.8:
    version "2.6.2"
    resolved "http://registry.npm.taobao.org/rimraf/download/rimraf-2.6.2.tgz#2ed8150d24a16ea8651e6d6ef0f47c4158ce7a36"
    dependencies:
      glob "^7.0.5"
  
  run-async@^2.2.0:
    version "2.3.0"
    resolved "http://registry.npm.taobao.org/run-async/download/run-async-2.3.0.tgz#0371ab4ae0bdd720d4166d7dfda64ff7a445a6c0"
    dependencies:
      is-promise "^2.1.0"
  
  rx-lite-aggregates@^4.0.8:
    version "4.0.8"
    resolved "http://registry.npm.taobao.org/rx-lite-aggregates/download/rx-lite-aggregates-4.0.8.tgz#753b87a89a11c95467c4ac1626c4efc4e05c67be"
    dependencies:
      rx-lite "*"
  
  rx-lite@*, rx-lite@^4.0.8:
    version "4.0.8"
    resolved "http://registry.npm.taobao.org/rx-lite/download/rx-lite-4.0.8.tgz#0b1e11af8bc44836f04a6407e92da42467b79444"
  
  safe-buffer@5.1.1, safe-buffer@~5.1.0, safe-buffer@~5.1.1:
    version "5.1.1"
    resolved "http://registry.npm.taobao.org/safe-buffer/download/safe-buffer-5.1.1.tgz#893312af69b2123def71f57889001671eeb2c853"
  
  safer-buffer@^2.1.0:
    version "2.1.2"
    resolved "http://registry.npm.taobao.org/safer-buffer/download/safer-buffer-2.1.2.tgz#44fa161b0187b9549dd84bb91802f9bd8385cd6a"
  
  "semver@2 || 3 || 4 || 5", semver@^5.1.0, semver@^5.3.0:
    version "5.5.0"
    resolved "http://registry.npm.taobao.org/semver/download/semver-5.5.0.tgz#dc4bbc7a6ca9d916dee5d43516f0092b58f7b8ab"
  
  semver@5.3.0:
    version "5.3.0"
    resolved "http://registry.npm.taobao.org/semver/download/semver-5.3.0.tgz#9b2ce5d3de02d17c6012ad326aa6b4d0cf54f94f"
  
  send@0.15.6:
    version "0.15.6"
    resolved "http://registry.npm.taobao.org/send/download/send-0.15.6.tgz#20f23a9c925b762ab82705fe2f9db252ace47e34"
    dependencies:
      debug "2.6.9"
      depd "~1.1.1"
      destroy "~1.0.4"
      encodeurl "~1.0.1"
      escape-html "~1.0.3"
      etag "~1.8.1"
      fresh "0.5.2"
      http-errors "~1.6.2"
      mime "1.3.4"
      ms "2.0.0"
      on-finished "~2.3.0"
      range-parser "~1.2.0"
      statuses "~1.3.1"
  
  serve-favicon@~2.4.2:
    version "2.4.5"
    resolved "http://registry.npm.taobao.org/serve-favicon/download/serve-favicon-2.4.5.tgz#49d9a46863153a9240691c893d2b0e7d85d6d436"
    dependencies:
      etag "~1.8.1"
      fresh "0.5.2"
      ms "2.0.0"
      parseurl "~1.3.2"
      safe-buffer "5.1.1"
  
  serve-static@1.12.6:
    version "1.12.6"
    resolved "http://registry.npm.taobao.org/serve-static/download/serve-static-1.12.6.tgz#b973773f63449934da54e5beba5e31d9f4211577"
    dependencies:
      encodeurl "~1.0.1"
      escape-html "~1.0.3"
      parseurl "~1.3.2"
      send "0.15.6"
  
  setprototypeof@1.0.3:
    version "1.0.3"
    resolved "http://registry.npm.taobao.org/setprototypeof/download/setprototypeof-1.0.3.tgz#66567e37043eeb4f04d91bd658c0cbefb55b8e04"
  
  setprototypeof@1.1.0:
    version "1.1.0"
    resolved "http://registry.npm.taobao.org/setprototypeof/download/setprototypeof-1.1.0.tgz#d0bd85536887b6fe7c0d818cb962d9d91c54e656"
  
  shebang-command@^1.2.0:
    version "1.2.0"
    resolved "http://registry.npm.taobao.org/shebang-command/download/shebang-command-1.2.0.tgz#44aac65b695b03398968c39f363fee5deafdf1ea"
    dependencies:
      shebang-regex "^1.0.0"
  
  shebang-regex@^1.0.0:
    version "1.0.0"
    resolved "http://registry.npm.taobao.org/shebang-regex/download/shebang-regex-1.0.0.tgz#da42f49740c0b42db2ca9728571cb190c98efea3"
  
  signal-exit@^3.0.2:
    version "3.0.2"
    resolved "http://registry.npm.taobao.org/signal-exit/download/signal-exit-3.0.2.tgz#b5fdc08f1287ea1178628e415e25132b73646c6d"
  
  slice-ansi@1.0.0:
    version "1.0.0"
    resolved "http://registry.npm.taobao.org/slice-ansi/download/slice-ansi-1.0.0.tgz#044f1a49d8842ff307aad6b505ed178bd950134d"
    dependencies:
      is-fullwidth-code-point "^2.0.0"
  
  sliced@0.0.5:
    version "0.0.5"
    resolved "http://registry.npm.taobao.org/sliced/download/sliced-0.0.5.tgz#5edc044ca4eb6f7816d50ba2fc63e25d8fe4707f"
  
  sliced@1.0.1:
    version "1.0.1"
    resolved "http://registry.npm.taobao.org/sliced/download/sliced-1.0.1.tgz#0b3a662b5d04c3177b1926bea82b03f837a2ef41"
  
  source-map@0.4.x:
    version "0.4.4"
    resolved "http://registry.npm.taobao.org/source-map/download/source-map-0.4.4.tgz#eba4f5da9c0dc999de68032d8b4f76173652036b"
    dependencies:
      amdefine ">=0.0.4"
  
  source-map@~0.1.7:
    version "0.1.43"
    resolved "http://registry.npm.taobao.org/source-map/download/source-map-0.1.43.tgz#c24bc146ca517c1471f5dacbe2571b2b7f9e3346"
    dependencies:
      amdefine ">=0.0.4"
  
  source-map@~0.5.1:
    version "0.5.7"
    resolved "http://registry.npm.taobao.org/source-map/download/source-map-0.5.7.tgz#8a039d2d1021d22d1ea14c80d8ea468ba2ef3fcc"
  
  spdx-correct@^3.0.0:
    version "3.0.0"
    resolved "http://registry.npm.taobao.org/spdx-correct/download/spdx-correct-3.0.0.tgz#05a5b4d7153a195bc92c3c425b69f3b2a9524c82"
    dependencies:
      spdx-expression-parse "^3.0.0"
      spdx-license-ids "^3.0.0"
  
  spdx-exceptions@^2.1.0:
    version "2.1.0"
    resolved "http://registry.npm.taobao.org/spdx-exceptions/download/spdx-exceptions-2.1.0.tgz#2c7ae61056c714a5b9b9b2b2af7d311ef5c78fe9"
  
  spdx-expression-parse@^3.0.0:
    version "3.0.0"
    resolved "http://registry.npm.taobao.org/spdx-expression-parse/download/spdx-expression-parse-3.0.0.tgz#99e119b7a5da00e05491c9fa338b7904823b41d0"
    dependencies:
      spdx-exceptions "^2.1.0"
      spdx-license-ids "^3.0.0"
  
  spdx-license-ids@^3.0.0:
    version "3.0.0"
    resolved "http://registry.npm.taobao.org/spdx-license-ids/download/spdx-license-ids-3.0.0.tgz#7a7cd28470cc6d3a1cfe6d66886f6bc430d3ac87"
  
  sprintf-js@~1.0.2:
    version "1.0.3"
    resolved "http://registry.npm.taobao.org/sprintf-js/download/sprintf-js-1.0.3.tgz#04e6926f662895354f3dd015203633b857297e2c"
  
  ssf@~0.10.2:
    version "0.10.2"
    resolved "http://registry.npm.taobao.org/ssf/download/ssf-0.10.2.tgz#65b2b4fcdfd967bc8e8383a41349009893115976"
    dependencies:
      frac "~1.1.2"
  
  "statuses@>= 1.4.0 < 2":
    version "1.5.0"
    resolved "http://registry.npm.taobao.org/statuses/download/statuses-1.5.0.tgz#161c7dac177659fd9811f43771fa99381478628c"
  
  statuses@~1.3.1:
    version "1.3.1"
    resolved "http://registry.npm.taobao.org/statuses/download/statuses-1.3.1.tgz#faf51b9eb74aaef3b3acf4ad5f61abf24cb7b93e"
  
  streamsearch@0.1.2:
    version "0.1.2"
    resolved "http://registry.npm.taobao.org/streamsearch/download/streamsearch-0.1.2.tgz#808b9d0e56fc273d809ba57338e929919a1a9f1a"
  
  string-width@^2.1.0, string-width@^2.1.1:
    version "2.1.1"
    resolved "http://registry.npm.taobao.org/string-width/download/string-width-2.1.1.tgz#ab93f27a8dc13d28cac815c462143a6d9012ae9e"
    dependencies:
      is-fullwidth-code-point "^2.0.0"
      strip-ansi "^4.0.0"
  
  string_decoder@~0.10.x:
    version "0.10.31"
    resolved "http://registry.npm.taobao.org/string_decoder/download/string_decoder-0.10.31.tgz#62e203bc41766c6c28c9fc84301dab1c5310fa94"
  
  string_decoder@~1.0.0:
    version "1.0.3"
    resolved "http://registry.npm.taobao.org/string_decoder/download/string_decoder-1.0.3.tgz#0fc67d7c141825de94282dd536bec6b9bce860ab"
    dependencies:
      safe-buffer "~5.1.0"
  
  string_decoder@~1.1.1:
    version "1.1.1"
    resolved "http://registry.npm.taobao.org/string_decoder/download/string_decoder-1.1.1.tgz#9cf1611ba62685d7030ae9e4ba34149c3af03fc8"
    dependencies:
      safe-buffer "~5.1.0"
  
  strip-ansi@^3.0.0:
    version "3.0.1"
    resolved "http://registry.npm.taobao.org/strip-ansi/download/strip-ansi-3.0.1.tgz#6a385fb8853d952d5ff05d0e8aaf94278dc63dcf"
    dependencies:
      ansi-regex "^2.0.0"
  
  strip-ansi@^4.0.0:
    version "4.0.0"
    resolved "http://registry.npm.taobao.org/strip-ansi/download/strip-ansi-4.0.0.tgz#a8479022eb1ac368a871389b635262c505ee368f"
    dependencies:
      ansi-regex "^3.0.0"
  
  strip-bom@^3.0.0:
    version "3.0.0"
    resolved "http://registry.npm.taobao.org/strip-bom/download/strip-bom-3.0.0.tgz#2334c18e9c759f7bdd56fdef7e9ae3d588e68ed3"
  
  strip-json-comments@~2.0.1:
    version "2.0.1"
    resolved "http://registry.npm.taobao.org/strip-json-comments/download/strip-json-comments-2.0.1.tgz#3c531942e908c2697c0ec344858c286c7ca0a60a"
  
  supports-color@^2.0.0:
    version "2.0.0"
    resolved "http://registry.npm.taobao.org/supports-color/download/supports-color-2.0.0.tgz#535d045ce6b6363fa40117084629995e9df324c7"
  
  supports-color@^5.3.0:
    version "5.4.0"
    resolved "http://registry.npm.taobao.org/supports-color/download/supports-color-5.4.0.tgz#1c6b337402c2137605efe19f10fec390f6faab54"
    dependencies:
      has-flag "^3.0.0"
  
  table@4.0.2:
    version "4.0.2"
    resolved "http://registry.npm.taobao.org/table/download/table-4.0.2.tgz#a33447375391e766ad34d3486e6e2aedc84d2e36"
    dependencies:
      ajv "^5.2.3"
      ajv-keywords "^2.1.0"
      chalk "^2.1.0"
      lodash "^4.17.4"
      slice-ansi "1.0.0"
      string-width "^2.1.1"
  
  text-table@~0.2.0:
    version "0.2.0"
    resolved "http://registry.npm.taobao.org/text-table/download/text-table-0.2.0.tgz#7f5ee823ae805207c00af2df4a84ec3fcfa570b4"
  
  through@^2.3.6:
    version "2.3.8"
    resolved "http://registry.npm.taobao.org/through/download/through-2.3.8.tgz#0dd4c9ffaabc357960b1b724115d7e0e86a2e1f5"
  
  tmp@^0.0.33:
    version "0.0.33"
    resolved "http://registry.npm.taobao.org/tmp/download/tmp-0.0.33.tgz#6d34335889768d21b2bcda0aa277ced3b1bfadf9"
    dependencies:
      os-tmpdir "~1.0.2"
  
  transformers@2.1.0:
    version "2.1.0"
    resolved "http://registry.npm.taobao.org/transformers/download/transformers-2.1.0.tgz#5d23cb35561dd85dc67fb8482309b47d53cce9a7"
    dependencies:
      css "~1.0.8"
      promise "~2.0"
      uglify-js "~2.2.5"
  
  type-check@~0.3.2:
    version "0.3.2"
    resolved "http://registry.npm.taobao.org/type-check/download/type-check-0.3.2.tgz#5884cab512cf1d355e3fb784f30804b2b520db72"
    dependencies:
      prelude-ls "~1.1.2"
  
  type-is@^1.6.4, type-is@~1.6.15:
    version "1.6.16"
    resolved "http://registry.npm.taobao.org/type-is/download/type-is-1.6.16.tgz#f89ce341541c672b25ee7ae3c73dee3b2be50194"
    dependencies:
      media-typer "0.3.0"
      mime-types "~2.1.18"
  
  typedarray@^0.0.6:
    version "0.0.6"
    resolved "http://registry.npm.taobao.org/typedarray/download/typedarray-0.0.6.tgz#867ac74e3864187b1d3d47d996a78ec5c8830777"
  
  uglify-js@^2.4.19:
    version "2.8.29"
    resolved "http://registry.npm.taobao.org/uglify-js/download/uglify-js-2.8.29.tgz#29c5733148057bb4e1f75df35b7a9cb72e6a59dd"
    dependencies:
      source-map "~0.5.1"
      yargs "~3.10.0"
    optionalDependencies:
      uglify-to-browserify "~1.0.0"
  
  uglify-js@~2.2.5:
    version "2.2.5"
    resolved "http://registry.npm.taobao.org/uglify-js/download/uglify-js-2.2.5.tgz#a6e02a70d839792b9780488b7b8b184c095c99c7"
    dependencies:
      optimist "~0.3.5"
      source-map "~0.1.7"
  
  uglify-to-browserify@~1.0.0:
    version "1.0.2"
    resolved "http://registry.npm.taobao.org/uglify-to-browserify/download/uglify-to-browserify-1.0.2.tgz#6e0924d6bda6b5afe349e39a6d632850a0f882b7"
  
  unpipe@1.0.0, unpipe@~1.0.0:
    version "1.0.0"
    resolved "http://registry.npm.taobao.org/unpipe/download/unpipe-1.0.0.tgz#b2bf4ee8514aae6165b4817829d21b2ef49904ec"
  
  util-deprecate@~1.0.1:
    version "1.0.2"
    resolved "http://registry.npm.taobao.org/util-deprecate/download/util-deprecate-1.0.2.tgz#450d4dc9fa70de732762fbd2d4a28981419a0ccf"
  
  utils-merge@1.0.0:
    version "1.0.0"
    resolved "http://registry.npm.taobao.org/utils-merge/download/utils-merge-1.0.0.tgz#0294fb922bb9375153541c4f7096231f287c8af8"
  
  uuid@^3.2.1:
    version "3.2.1"
    resolved "http://registry.npm.taobao.org/uuid/download/uuid-3.2.1.tgz#12c528bb9d58d0b9265d9a2f6f0fe8be17ff1f14"
  
  validate-npm-package-license@^3.0.1:
    version "3.0.3"
    resolved "http://registry.npm.taobao.org/validate-npm-package-license/download/validate-npm-package-license-3.0.3.tgz#81643bcbef1bdfecd4623793dc4648948ba98338"
    dependencies:
      spdx-correct "^3.0.0"
      spdx-expression-parse "^3.0.0"
  
  vary@~1.1.1:
    version "1.1.2"
    resolved "http://registry.npm.taobao.org/vary/download/vary-1.1.2.tgz#2299f02c6ded30d4a5961b0b9f74524a18f634fc"
  
  void-elements@~2.0.1:
    version "2.0.1"
    resolved "http://registry.npm.taobao.org/void-elements/download/void-elements-2.0.1.tgz#c066afb582bb1cb4128d60ea92392e94d5e9dbec"
  
  which@^1.2.9:
    version "1.3.0"
    resolved "http://registry.npm.taobao.org/which/download/which-1.3.0.tgz#ff04bdfc010ee547d780bec38e1ac1c2777d253a"
    dependencies:
      isexe "^2.0.0"
  
  window-size@0.1.0:
    version "0.1.0"
    resolved "http://registry.npm.taobao.org/window-size/download/window-size-0.1.0.tgz#5438cd2ea93b202efa3a19fe8887aee7c94f9c9d"
  
  with@~4.0.0:
    version "4.0.3"
    resolved "http://registry.npm.taobao.org/with/download/with-4.0.3.tgz#eefd154e9e79d2c8d3417b647a8f14d9fecce14e"
    dependencies:
      acorn "^1.0.1"
      acorn-globals "^1.0.3"
  
  wordwrap@0.0.2:
    version "0.0.2"
    resolved "http://registry.npm.taobao.org/wordwrap/download/wordwrap-0.0.2.tgz#b79669bb42ecb409f83d583cad52ca17eaa1643f"
  
  wordwrap@~0.0.2:
    version "0.0.3"
    resolved "http://registry.npm.taobao.org/wordwrap/download/wordwrap-0.0.3.tgz#a3d5da6cd5c0bc0008d37234bbaf1bed63059107"
  
  wordwrap@~1.0.0:
    version "1.0.0"
    resolved "http://registry.npm.taobao.org/wordwrap/download/wordwrap-1.0.0.tgz#27584810891456a4171c8d0226441ade90cbcaeb"
  
  wrappy@1:
    version "1.0.2"
    resolved "http://registry.npm.taobao.org/wrappy/download/wrappy-1.0.2.tgz#b5243d8f3ec1aa35f1364605bc0d1036e30ab69f"
  
  write@^0.2.1:
    version "0.2.1"
    resolved "http://registry.npm.taobao.org/write/download/write-0.2.1.tgz#5fc03828e264cea3fe91455476f7a3c566cb0757"
    dependencies:
      mkdirp "^0.5.1"
  
  xlsx@^0.12.4:
    version "0.12.10"
    resolved "http://registry.npm.taobao.org/xlsx/download/xlsx-0.12.10.tgz#c2e71be364d90ece2e08f0bae91563483c4897f8"
    dependencies:
      adler-32 "~1.2.0"
      cfb "~1.0.6"
      codepage "~1.12.1"
      commander "~2.14.1"
      crc-32 "~1.2.0"
      exit-on-epipe "~1.0.1"
      ssf "~0.10.2"
  
  xtend@^4.0.0:
    version "4.0.1"
    resolved "http://registry.npm.taobao.org/xtend/download/xtend-4.0.1.tgz#a5c6d532be656e23db820efb943a1f04998d63af"
  
  yallist@^2.1.2:
    version "2.1.2"
    resolved "http://registry.npm.taobao.org/yallist/download/yallist-2.1.2.tgz#1c11f9218f076089a47dd512f93c6699a6a81d52"
  
  yargs@~3.10.0:
    version "3.10.0"
    resolved "http://registry.npm.taobao.org/yargs/download/yargs-3.10.0.tgz#f7ee7bd857dd7c1d2d38c0e74efbd681d1431fd1"
    dependencies:
      camelcase "^1.0.2"
      cliui "^2.1.0"
      decamelize "^1.0.0"
      window-size "0.1.0"

Trace: 
  Error: connect ETIMEDOUT 42.81.4.229:443
      at Object._errnoException (util.js:1003:13)
      at _exceptionWithHostPort (util.js:1024:20)
      at TCPConnectWrap.afterConnect [as oncomplete] (net.js:1194:14)
